<?xml version="1.0" encoding="UTF-8"?>
<testng-results skipped="0" failed="1" ignored="1" total="10" passed="8">
  <reporter-output>
  </reporter-output>
  <suite name="Suite" duration-ms="191" started-at="2019-04-12T14:40:30Z" finished-at="2019-04-12T14:40:30Z">
    <groups>
    </groups>
    <test name="Test" duration-ms="191" started-at="2019-04-12T14:40:30Z" finished-at="2019-04-12T14:40:30Z">
      <class name="Test.day1">
        <test-method status="PASS" signature="Demo(java.lang.String, java.lang.String, java.lang.String)[pri:0, instance:Test.day1@2a5ca609]" name="Demo" duration-ms="2" started-at="2019-04-12T14:40:30Z" finished-at="2019-04-12T14:40:30Z">
          <params>
            <param index="0">
              <value>
                <![CDATA[https://google.co.uk]]>
              </value>
            </param>
            <param index="1">
              <value>
                <![CDATA[sushil]]>
              </value>
            </param>
            <param index="2">
              <value>
                <![CDATA[pass123]]>
              </value>
            </param>
          </params>
          <reporter-output>
          </reporter-output>
        </test-method> <!-- Demo -->
        <test-method status="PASS" signature="Demo2Test(java.lang.String, java.lang.String)[pri:0, instance:Test.day1@2a5ca609]" name="Demo2Test" duration-ms="5" started-at="2019-04-12T14:40:30Z" data-provider="getData" finished-at="2019-04-12T14:40:30Z">
          <params>
            <param index="0">
              <value>
                <![CDATA[0firstusername]]>
              </value>
            </param>
            <param index="1">
              <value>
                <![CDATA[0firstpassword]]>
              </value>
            </param>
          </params>
          <reporter-output>
          </reporter-output>
        </test-method> <!-- Demo2Test -->
        <test-method status="PASS" signature="Demo2Test(java.lang.String, java.lang.String)[pri:0, instance:Test.day1@2a5ca609]" name="Demo2Test" duration-ms="3" started-at="2019-04-12T14:40:30Z" data-provider="getData" finished-at="2019-04-12T14:40:30Z">
          <params>
            <param index="0">
              <value>
                <![CDATA[1firstusername]]>
              </value>
            </param>
            <param index="1">
              <value>
                <![CDATA[1firstpassword]]>
              </value>
            </param>
          </params>
          <reporter-output>
          </reporter-output>
        </test-method> <!-- Demo2Test -->
        <test-method status="PASS" signature="Demo2Test(java.lang.String, java.lang.String)[pri:0, instance:Test.day1@2a5ca609]" name="Demo2Test" duration-ms="2" started-at="2019-04-12T14:40:30Z" data-provider="getData" finished-at="2019-04-12T14:40:30Z">
          <params>
            <param index="0">
              <value>
                <![CDATA[2firstusername]]>
              </value>
            </param>
            <param index="1">
              <value>
                <![CDATA[2firstpassword]]>
              </value>
            </param>
          </params>
          <reporter-output>
          </reporter-output>
        </test-method> <!-- Demo2Test -->
        <test-method status="FAIL" signature="lastexecution()[pri:0, instance:Test.day1@2a5ca609]" name="lastexecution" duration-ms="15" started-at="2019-04-12T14:40:30Z" finished-at="2019-04-12T14:40:30Z">
          <exception class="java.lang.AssertionError">
            <message>
              <![CDATA[expected [true] but found [false]]]>
            </message>
            <full-stacktrace>
              <![CDATA[java.lang.AssertionError: expected [true] but found [false]
at org.testng.Assert.fail(Assert.java:96)
at org.testng.Assert.failNotEquals(Assert.java:776)
at org.testng.Assert.assertTrue(Assert.java:44)
at org.testng.Assert.assertTrue(Assert.java:54)
at Test.day1.lastexecution(day1.java:29)
at sun.reflect.NativeMethodAccessorImpl.invoke0(Native Method)
at sun.reflect.NativeMethodAccessorImpl.invoke(Unknown Source)
at sun.reflect.DelegatingMethodAccessorImpl.invoke(Unknown Source)
at java.lang.reflect.Method.invoke(Unknown Source)
at org.testng.internal.MethodInvocationHelper.invokeMethod(MethodInvocationHelper.java:124)
at org.testng.internal.Invoker.invokeMethod(Invoker.java:583)
at org.testng.internal.Invoker.invokeTestMethod(Invoker.java:719)
at org.testng.internal.Invoker.invokeTestMethods(Invoker.java:989)
at org.testng.internal.TestMethodWorker.invokeTestMethods(TestMethodWorker.java:125)
at org.testng.internal.TestMethodWorker.run(TestMethodWorker.java:109)
at org.testng.TestRunner.privateRun(TestRunner.java:648)
at org.testng.TestRunner.run(TestRunner.java:505)
at org.testng.SuiteRunner.runTest(SuiteRunner.java:455)
at org.testng.SuiteRunner.runSequentially(SuiteRunner.java:450)
at org.testng.SuiteRunner.privateRun(SuiteRunner.java:415)
at org.testng.SuiteRunner.run(SuiteRunner.java:364)
at org.testng.SuiteRunnerWorker.runSuite(SuiteRunnerWorker.java:52)
at org.testng.SuiteRunnerWorker.run(SuiteRunnerWorker.java:84)
at org.testng.TestNG.runSuitesSequentially(TestNG.java:1208)
at org.testng.TestNG.runSuitesLocally(TestNG.java:1137)
at org.testng.TestNG.runSuites(TestNG.java:1049)
at org.testng.TestNG.run(TestNG.java:1017)
at org.testng.remote.AbstractRemoteTestNG.run(AbstractRemoteTestNG.java:114)
at org.testng.remote.RemoteTestNG.initAndRun(RemoteTestNG.java:251)
at org.testng.remote.RemoteTestNG.main(RemoteTestNG.java:77)
]]>
            </full-stacktrace>
          </exception> <!-- java.lang.AssertionError -->
          <reporter-output>
          </reporter-output>
        </test-method> <!-- lastexecution -->
        <test-method status="PASS" signature="AfterTest()[pri:0, instance:Test.day1@2a5ca609]" name="AfterTest" is-config="true" duration-ms="2" started-at="2019-04-12T14:40:30Z" finished-at="2019-04-12T14:40:30Z">
          <reporter-output>
          </reporter-output>
        </test-method> <!-- AfterTest -->
      </class> <!-- Test.day1 -->
      <class name="Test.day2">
        <test-method status="PASS" signature="prereq()[pri:0, instance:Test.day2@2a2d45ba]" name="prereq" is-config="true" duration-ms="18" started-at="2019-04-12T14:40:30Z" finished-at="2019-04-12T14:40:30Z">
          <reporter-output>
          </reporter-output>
        </test-method> <!-- prereq -->
        <test-method status="PASS" signature="Demo5()[pri:0, instance:Test.day2@2a2d45ba]" name="Demo5" duration-ms="13" started-at="2019-04-12T14:40:30Z" finished-at="2019-04-12T14:40:30Z">
          <reporter-output>
          </reporter-output>
        </test-method> <!-- Demo5 -->
        <test-method status="PASS" signature="demo6()[pri:0, instance:Test.day2@2a2d45ba]" name="demo6" duration-ms="8" started-at="2019-04-12T14:40:30Z" finished-at="2019-04-12T14:40:30Z">
          <reporter-output>
          </reporter-output>
        </test-method> <!-- demo6 -->
        <test-method status="PASS" signature="temo3()[pri:0, instance:Test.day2@2a2d45ba]" name="temo3" duration-ms="3" started-at="2019-04-12T14:40:30Z" finished-at="2019-04-12T14:40:30Z">
          <reporter-output>
          </reporter-output>
        </test-method> <!-- temo3 -->
        <test-method status="PASS" signature="Demo2()[pri:0, instance:Test.day2@2a2d45ba]" name="Demo2" duration-ms="2" started-at="2019-04-12T14:40:30Z" depends-on-methods="Test.day2.temo3, Test.day2.demo6" finished-at="2019-04-12T14:40:30Z">
          <reporter-output>
          </reporter-output>
        </test-method> <!-- Demo2 -->
        <test-method status="PASS" signature="Demo4()[pri:0, instance:Test.day2@2a2d45ba]" name="Demo4" is-config="true" duration-ms="0" started-at="2019-04-12T14:40:30Z" finished-at="2019-04-12T14:40:30Z">
          <reporter-output>
          </reporter-output>
        </test-method> <!-- Demo4 -->
      </class> <!-- Test.day2 -->
    </test> <!-- Test -->
  </suite> <!-- Suite -->
</testng-results>
